Added Component: Designator=*1(RYS1838T)
Added Component: Designator=C1(1206C)
Added Component: Designator=C2(1206C)
Added Component: Designator=C3(1206C)
Added Component: Designator=C4(1206C)
Added Component: Designator=C5(1206C)
Added Component: Designator=C6(0805C)
Added Component: Designator=C7(0805C)
Added Component: Designator=C8(1206C)
Added Component: Designator=C9(1206C)
Added Component: Designator=C10(0603C)
Added Component: Designator=C11(0603C)
Added Component: Designator=C12(SIZE_A)
Added Component: Designator=D(430X270D)
Added Component: Designator=pr(HEADER_4_JMP)
Added Component: Designator=push_but(switch_mini_smd)
Added Component: Designator=PWR(COMM HEADER 2)
Added Component: Designator=R1(0805L)
Added Component: Designator=R2(0805L)
Added Component: Designator=R22(0805L)
Added Component: Designator=Uart(COMM HEADER 2)
Added Component: Designator=uC_Rst(switch_mini_smd)
Added Component: Designator=u(TSSOP20_L)
Added Component: Designator=XM1(XTLT_2)
Added Pin To Net: NetName=BUTTOM Pin=C11-2
Added Pin To Net: NetName=BUTTOM Pin=push_but-1
Added Pin To Net: NetName=BUTTOM Pin=R2-1
Added Net: Name=BUTTOM
Added Pin To Net: NetName=GND Pin=*1-2
Added Pin To Net: NetName=GND Pin=C1-2
Added Pin To Net: NetName=GND Pin=C2-2
Added Pin To Net: NetName=GND Pin=C3-1
Added Pin To Net: NetName=GND Pin=C4-1
Added Pin To Net: NetName=GND Pin=C5-1
Added Pin To Net: NetName=GND Pin=C6-1
Added Pin To Net: NetName=GND Pin=C7-2
Added Pin To Net: NetName=GND Pin=C8-2
Added Pin To Net: NetName=GND Pin=C9-2
Added Pin To Net: NetName=GND Pin=C10-1
Added Pin To Net: NetName=GND Pin=C11-1
Added Pin To Net: NetName=GND Pin=C12-2
Added Pin To Net: NetName=GND Pin=pr-3
Added Pin To Net: NetName=GND Pin=push_but-2
Added Pin To Net: NetName=GND Pin=PWR-2
Added Pin To Net: NetName=GND Pin=u-7
Added Pin To Net: NetName=GND Pin=uC_Rst-2
Added Net: Name=GND
Added Pin To Net: NetName=INPUT_SIGNAL Pin=*1-1
Added Pin To Net: NetName=INPUT_SIGNAL Pin=u-1
Added Pin To Net: NetName=INPUT_SIGNAL Pin=u-15
Added Net: Name=INPUT_SIGNAL
Added Net: Name=LED_OUT
Added Pin To Net: NetName=Net*1_3 Pin=*1-3
Added Pin To Net: NetName=Net*1_3 Pin=R22-2
Added Net: Name=Net*1_3
Added Pin To Net: NetName=NetC7_1 Pin=C7-1
Added Pin To Net: NetName=NetC7_1 Pin=u-8
Added Net: Name=NetC7_1
Added Net: Name=NetM1_3
Added Pin To Net: NetName=NRST Pin=C10-2
Added Pin To Net: NetName=NRST Pin=pr-4
Added Pin To Net: NetName=NRST Pin=R1-1
Added Pin To Net: NetName=NRST Pin=u-4
Added Pin To Net: NetName=NRST Pin=uC_Rst-1
Added Net: Name=NRST
Added Pin To Net: NetName=OSC_IN Pin=C8-1
Added Pin To Net: NetName=OSC_IN Pin=u-5
Added Pin To Net: NetName=OSC_IN Pin=XM1-1
Added Net: Name=OSC_IN
Added Pin To Net: NetName=OSC_OUT Pin=C9-1
Added Pin To Net: NetName=OSC_OUT Pin=u-6
Added Pin To Net: NetName=OSC_OUT Pin=XM1-2
Added Net: Name=OSC_OUT
Added Pin To Net: NetName=RL_PIN Pin=u-11
Added Net: Name=RL_PIN
Added Pin To Net: NetName=SYS_SWIM Pin=pr-2
Added Pin To Net: NetName=SYS_SWIM Pin=u-13
Added Net: Name=SYS_SWIM
Added Pin To Net: NetName=UART_RX Pin=u-3
Added Pin To Net: NetName=UART_RX Pin=Uart-2
Added Net: Name=UART_RX
Added Pin To Net: NetName=UART_TX Pin=u-2
Added Pin To Net: NetName=UART_TX Pin=Uart-1
Added Net: Name=UART_TX
Added Pin To Net: NetName=V5 Pin=C2-1
Added Pin To Net: NetName=V5 Pin=C3-2
Added Pin To Net: NetName=V5 Pin=C4-2
Added Pin To Net: NetName=V5 Pin=C5-2
Added Pin To Net: NetName=V5 Pin=C6-2
Added Pin To Net: NetName=V5 Pin=C12-1
Added Pin To Net: NetName=V5 Pin=pr-1
Added Pin To Net: NetName=V5 Pin=R1-2
Added Pin To Net: NetName=V5 Pin=R2-2
Added Pin To Net: NetName=V5 Pin=R22-1
Added Pin To Net: NetName=V5 Pin=u-9
Added Net: Name=V5
Added Pin To Net: NetName=VIN1 Pin=C1-1
Added Pin To Net: NetName=VIN1 Pin=D-2
Added Net: Name=VIN1
Added Pin To Net: NetName=VIN Pin=D-1
Added Pin To Net: NetName=VIN Pin=PWR-1
Added Net: Name=VIN
Added Class: Name=Sheet1
Added Room: Name=Sheet1
