Removed Pin From Net: NetName=RL_PIN Pin=u-11
Change Component Designator: OldDesignator=  NewDesignator=*1
Change Component Designator: OldDesignator=  NewDesignator=C1
Change Component Designator: OldDesignator=  NewDesignator=C2
Change Component Designator: OldDesignator=  NewDesignator=C3
Change Component Designator: OldDesignator=  NewDesignator=C4
Change Component Designator: OldDesignator=  NewDesignator=C5
Change Component Designator: OldDesignator=  NewDesignator=C6
Change Component Designator: OldDesignator=  NewDesignator=C7
Change Component Designator: OldDesignator=  NewDesignator=C8
Change Component Designator: OldDesignator=  NewDesignator=C9
Change Component Designator: OldDesignator=  NewDesignator=C10
Change Component Designator: OldDesignator=  NewDesignator=C12
Change Component Designator: OldDesignator=  NewDesignator=D
Change Component Designator: OldDesignator=  NewDesignator=M1
Change Component Designator: OldDesignator=  NewDesignator=P1
Change Component Designator: OldDesignator=  NewDesignator=P2
Change Component Designator: OldDesignator=  NewDesignator=push_but
Change Component Designator: OldDesignator=  NewDesignator=PWR
Change Component Designator: OldDesignator=  NewDesignator=R1
Change Component Designator: OldDesignator=  NewDesignator=R2
Change Component Designator: OldDesignator=  NewDesignator=R22
Change Component Designator: OldDesignator=  NewDesignator=Rg
Change Component Designator: OldDesignator=  NewDesignator=RL
Change Component Designator: OldDesignator=  NewDesignator=uC_Rst
Change Component Designator: OldDesignator=  NewDesignator=XM1
Added Pin To Net: NetName=RL_PIN Pin=u-20
Added Member To Class: ClassName=Sheet1 Member=Component *1 RYS1838T
Added Member To Class: ClassName=Sheet1 Member=Component C1 330nF
Added Member To Class: ClassName=Sheet1 Member=Component C2 10nF
Added Member To Class: ClassName=Sheet1 Member=Component C3 100nF
Added Member To Class: ClassName=Sheet1 Member=Component C4 100nF
Added Member To Class: ClassName=Sheet1 Member=Component C5 100nF
Added Member To Class: ClassName=Sheet1 Member=Component C6 2.2uF
Added Member To Class: ClassName=Sheet1 Member=Component C7 2.2uF
Added Member To Class: ClassName=Sheet1 Member=Component C8 20pF
Added Member To Class: ClassName=Sheet1 Member=Component C9 20pF
Added Member To Class: ClassName=Sheet1 Member=Component C10 100nF
Added Member To Class: ClassName=Sheet1 Member=Component C12 4.7uF
Added Member To Class: ClassName=Sheet1 Member=Component D 1N5822
Added Member To Class: ClassName=Sheet1 Member=Component M1 AO3416
Added Member To Class: ClassName=Sheet1 Member=Component P1 Header 3
Added Member To Class: ClassName=Sheet1 Member=Component P2 Header 3
Added Member To Class: ClassName=Sheet1 Member=Component push_but switch_mini
Added Member To Class: ClassName=Sheet1 Member=Component PWR Header2
Added Member To Class: ClassName=Sheet1 Member=Component R1 100k
Added Member To Class: ClassName=Sheet1 Member=Component R2 100k
Added Member To Class: ClassName=Sheet1 Member=Component R22 100R
Added Member To Class: ClassName=Sheet1 Member=Component Rg 78L05
Added Member To Class: ClassName=Sheet1 Member=Component RL Relay-DPDT
Added Member To Class: ClassName=Sheet1 Member=Component uC_Rst switch_mini
Added Member To Class: ClassName=Sheet1 Member=Component XM1 8MHz
Added Room: Name=Sheet1
