Added Member To Class: ClassName=Lampi Member=Component C1 100nF
Added Member To Class: ClassName=Lampi Member=Component C2 100nF
Added Member To Class: ClassName=Lampi Member=Component C3 20pF
Added Member To Class: ClassName=Lampi Member=Component C4 10uF
Added Member To Class: ClassName=Lampi Member=Component C5 20pF
Added Member To Class: ClassName=Lampi Member=Component C8 100nF
Added Member To Class: ClassName=Lampi Member=Component C9 100nf
Added Member To Class: ClassName=Lampi Member=Component C10 10uf
Added Member To Class: ClassName=Lampi Member=Component IC1 ams1117-3.3v
Added Member To Class: ClassName=Lampi Member=Component J5 
Added Member To Class: ClassName=Lampi Member=Component JP1 Header 2
Added Member To Class: ClassName=Lampi Member=Component R2 10k
Added Member To Class: ClassName=Lampi Member=Component R3 100
Added Member To Class: ClassName=Lampi Member=Component R7 100R
Added Member To Class: ClassName=Lampi Member=Component R8 22K OPTIONAL
Added Member To Class: ClassName=Lampi Member=Component  RYS1838T
Added Member To Class: ClassName=Lampi Member=Component U1 STM32F030F4P6
Added Member To Class: ClassName=Lampi Member=Component uUSB micro usb dip
Added Member To Class: ClassName=Lampi Member=Component XM1 8MHz
Added Room: Name=Lampi
Added Room: Name=lampi_power
