Change Component Designator: OldDesignator=C1 NewDesignator= 
Change Component Designator: OldDesignator=C2 NewDesignator= 
Change Component Designator: OldDesignator=C3 NewDesignator= 
Change Component Designator: OldDesignator=C4 NewDesignator= 
Change Component Designator: OldDesignator=C5 NewDesignator= 
Change Component Designator: OldDesignator=C6 NewDesignator= 
Change Component Designator: OldDesignator=C7 NewDesignator= 
Change Component Designator: OldDesignator=C8 NewDesignator= 
Change Component Designator: OldDesignator=C9 NewDesignator= 
Change Component Designator: OldDesignator=C10 NewDesignator= 
Change Component Designator: OldDesignator=C11 NewDesignator= 
Change Component Designator: OldDesignator=C12 NewDesignator= 
Change Component Designator: OldDesignator=CON1 NewDesignator= 
Change Component Designator: OldDesignator=D1 NewDesignator= 
Change Component Designator: OldDesignator=D2 NewDesignator= 
Change Component Designator: OldDesignator=D3 NewDesignator= 
Change Component Designator: OldDesignator=header 1 NewDesignator= 
Change Component Designator: OldDesignator=IC1 NewDesignator= 
Change Component Designator: OldDesignator=IC2 NewDesignator= 
Change Component Designator: OldDesignator=J1 NewDesignator= 
Change Component Designator: OldDesignator=JP1 NewDesignator= 
Change Component Designator: OldDesignator=PT1 NewDesignator= 
Change Component Designator: OldDesignator=Q1 NewDesignator= 
Change Component Designator: OldDesignator=R1 NewDesignator= 
Change Component Designator: OldDesignator=R 1k NewDesignator= 
Change Component Designator: OldDesignator=R2 NewDesignator= 
Change Component Designator: OldDesignator=R3 NewDesignator= 
Change Component Designator: OldDesignator=R4 NewDesignator= 
Change Component Designator: OldDesignator=R5 NewDesignator= 
Change Component Designator: OldDesignator=R6 NewDesignator= 
Change Component Designator: OldDesignator=R7 NewDesignator= 
Change Component Designator: OldDesignator=R8 NewDesignator= 
Change Component Designator: OldDesignator=SM1 NewDesignator= 
Change Component Designator: OldDesignator=SM2 NewDesignator= 
Change Component Designator: OldDesignator=U1 NewDesignator= 
Change Component Designator: OldDesignator=uUSB NewDesignator= 
Change Component Designator: OldDesignator=XM1 NewDesignator= 
